<?xml version="1.0" encoding="UTF-8"?>
<!-- Generated by org.testng.reporters.JUnitReportReporter -->
<testsuite hostname="DESKTOP-4CANV1M" failures="0" tests="5" name="stepdefinition.FlightSearchStepDefinition" time="24.668" errors="0" timestamp="2020-02-13T18:17:43 IST" skipped="0">
  <testcase classname="stepdefinition.FlightSearchStepDefinition" name="open_Web_browser_and_URL_for_flight_search" time="13.333"/>
  <testcase classname="stepdefinition.FlightSearchStepDefinition" name="select_Flight_at_home_and_enter_departure_destination_and_date" time="5.909"/>
  <testcase classname="stepdefinition.FlightSearchStepDefinition" name="click_on_Search" time="3.780"/>
  <testcase classname="stepdefinition.FlightSearchStepDefinition" name="select_Route_Stop_and_Airline" time="0.603"/>
  <testcase classname="stepdefinition.FlightSearchStepDefinition" name="close_browser" time="1.043"/>
</testsuite> <!-- stepdefinition.FlightSearchStepDefinition -->
