<?xml version="1.0" encoding="UTF-8"?>
<!-- Generated by org.testng.reporters.JUnitReportReporter -->
<testsuite hostname="DESKTOP-4CANV1M" failures="0" tests="3" name="phpTravelsPagesdetails.HomeAndLoginPage" time="22.686" errors="0" timestamp="2020-02-10T20:40:55 IST" skipped="0">
  <testcase classname="phpTravelsPagesdetails.HomeAndLoginPage" name="launchWebBrowser" time="12.949"/>
  <testcase classname="phpTravelsPagesdetails.HomeAndLoginPage" name="subscribeNewsletter" time="6.634"/>
  <testcase classname="phpTravelsPagesdetails.HomeAndLoginPage" name="validateNewsletterSubscription" time="3.103"/>
</testsuite> <!-- phpTravelsPagesdetails.HomeAndLoginPage -->
