<?xml version="1.0" encoding="UTF-8"?>
<!-- Generated by org.testng.reporters.JUnitReportReporter -->
<testsuite hostname="DESKTOP-4CANV1M" failures="0" tests="1" name="phpTravelsPagesdetails.Demo" time="23.769" errors="0" timestamp="2020-02-13T16:02:41 IST" skipped="0">
  <testcase classname="phpTravelsPagesdetails.Demo" name="demo1" time="23.769"/>
</testsuite> <!-- phpTravelsPagesdetails.Demo -->
