<?xml version="1.0" encoding="UTF-8"?>
<!-- Generated by org.testng.reporters.JUnitReportReporter -->
<testsuite hostname="DESKTOP-4CANV1M" failures="0" tests="1" name="phpTravelsPagesdetails.FlightReservationPage" time="46.313" errors="0" timestamp="2020-02-13T16:13:25 IST" skipped="0">
  <testcase classname="phpTravelsPagesdetails.FlightReservationPage" name="FlightSearch" time="46.313"/>
</testsuite> <!-- phpTravelsPagesdetails.FlightReservationPage -->
