<?xml version="1.0" encoding="UTF-8"?>
<!-- Generated by org.testng.reporters.JUnitReportReporter -->
<testsuite hostname="DESKTOP-4CANV1M" failures="0" tests="1" name="com.phpTravelsPagesdetails.ToursBooking" time="117.516" errors="0" timestamp="2020-02-18T22:54:02 IST" skipped="0">
  <testcase classname="com.phpTravelsPagesdetails.ToursBooking" name="tour" time="117.516"/>
</testsuite> <!-- com.phpTravelsPagesdetails.ToursBooking -->
