<?xml version="1.0" encoding="UTF-8"?>
<!-- Generated by org.testng.reporters.JUnitReportReporter -->
<testsuite hostname="DESKTOP-4CANV1M" failures="0" tests="3" name="phpTravelsPagesdetails.LoginPage" time="117.312" errors="0" timestamp="2020-02-08T10:21:06 IST" skipped="0">
  <testcase classname="phpTravelsPagesdetails.LoginPage" name="validateLogin" time="7.833"/>
  <system-out/>
  <testcase classname="phpTravelsPagesdetails.LoginPage" name="launchWebBrowser" time="100.984"/>
  <system-out/>
  <testcase classname="phpTravelsPagesdetails.LoginPage" name="myAccountLogin" time="8.495"/>
  <system-out/>
</testsuite> <!-- phpTravelsPagesdetails.LoginPage -->
